1641318870553	geckodriver	INFO	Listening on 127.0.0.1:59706
1641318873586	mozrunner::runner	INFO	Running command: "C:\\Program Files\\Mozilla Firefox\\firefox.exe" "--marionette" "-headless" "-no-remote" "-profile" "C:\\Users\\hp\\AppData\\Local\\Temp\\rust_mozprofile5mPllI"
*** You are running in headless mode.
1641318873830	Marionette	INFO	Marionette enabled
[GFX1-]: RenderCompositorSWGL failed mapping default framebuffer, no dt
console.warn: SearchSettings: "get: No settings file exists, new profile?" (new NotFoundError("Could not open the file at C:\\Users\\hp\\AppData\\Local\\Temp\\rust_mozprofile5mPllI\\search.json.mozlz4", (void 0)))
1641318874660	Marionette	INFO	Listening on port 59716
1641318875125	RemoteAgent	WARN	TLS certificate errors will be ignored for this session
JavaScript warning: https://pagead2.googlesyndication.com/bg/U_DPXy_vflqTjVU_YutWJm0axOJE633NQGMGFEhf2s0.js line 1 > eval line 3313 > eval, line 1: WEBGL_debug_renderer_info is deprecated in Firefox and will be removed. Please use RENDERER.
JavaScript warning: https://pagead2.googlesyndication.com/bg/U_DPXy_vflqTjVU_YutWJm0axOJE633NQGMGFEhf2s0.js line 1 > eval line 6949 > eval, line 1: WEBGL_debug_renderer_info is deprecated in Firefox and will be removed. Please use RENDERER.
JavaScript warning: https://pagead2.googlesyndication.com/bg/U_DPXy_vflqTjVU_YutWJm0axOJE633NQGMGFEhf2s0.js line 1 > eval line 2181 > eval, line 1: WEBGL_debug_renderer_info is deprecated in Firefox and will be removed. Please use RENDERER.
JavaScript warning: https://pagead2.googlesyndication.com/bg/A3sS0H_86Eu8poIaUPJJxUQpsgwPL9Z0aaC7WTcRMFE.js line 1 > eval line 7263 > eval, line 1: WEBGL_debug_renderer_info is deprecated in Firefox and will be removed. Please use RENDERER.
console.log: WebExtensions: reset-default-search: starting.
console.log: WebExtensions: reset-default-search: No addons in our list are installed.
JavaScript warning: https://pagead2.googlesyndication.com/bg/A3sS0H_86Eu8poIaUPJJxUQpsgwPL9Z0aaC7WTcRMFE.js line 1 > eval line 6468 > eval, line 1: WEBGL_debug_renderer_info is deprecated in Firefox and will be removed. Please use RENDERER.
JavaScript warning: https://pagead2.googlesyndication.com/bg/A3sS0H_86Eu8poIaUPJJxUQpsgwPL9Z0aaC7WTcRMFE.js line 1 > eval line 1326 > eval, line 1: WEBGL_debug_renderer_info is deprecated in Firefox and will be removed. Please use RENDERER.
JavaScript warning: https://pagead2.googlesyndication.com/bg/A3sS0H_86Eu8poIaUPJJxUQpsgwPL9Z0aaC7WTcRMFE.js line 1 > eval line 2190 > eval line 1 > eval, line 1: WEBGL_debug_renderer_info is deprecated in Firefox and will be removed. Please use RENDERER.
JavaScript warning: https://pagead2.googlesyndication.com/bg/A3sS0H_86Eu8poIaUPJJxUQpsgwPL9Z0aaC7WTcRMFE.js line 1 > eval line 1290 > eval line 1 > eval, line 1: WEBGL_debug_renderer_info is deprecated in Firefox and will be removed. Please use RENDERER.
JavaScript warning: https://pagead2.googlesyndication.com/bg/A3sS0H_86Eu8poIaUPJJxUQpsgwPL9Z0aaC7WTcRMFE.js line 1 > eval line 6927 > eval, line 1: WEBGL_debug_renderer_info is deprecated in Firefox and will be removed. Please use RENDERER.
JavaScript warning: https://pagead2.googlesyndication.com/bg/A3sS0H_86Eu8poIaUPJJxUQpsgwPL9Z0aaC7WTcRMFE.js line 1 > eval line 1805 > eval, line 1: WEBGL_debug_renderer_info is deprecated in Firefox and will be removed. Please use RENDERER.
JavaScript warning: https://pagead2.googlesyndication.com/bg/A3sS0H_86Eu8poIaUPJJxUQpsgwPL9Z0aaC7WTcRMFE.js line 1 > eval line 480 > eval, line 1: WEBGL_debug_renderer_info is deprecated in Firefox and will be removed. Please use RENDERER.
JavaScript warning: https://pagead2.googlesyndication.com/bg/A3sS0H_86Eu8poIaUPJJxUQpsgwPL9Z0aaC7WTcRMFE.js line 1 > eval line 6283 > eval line 1 > eval, line 1: WEBGL_debug_renderer_info is deprecated in Firefox and will be removed. Please use RENDERER.
JavaScript warning: https://pagead2.googlesyndication.com/bg/A3sS0H_86Eu8poIaUPJJxUQpsgwPL9Z0aaC7WTcRMFE.js line 1 > eval line 2953 > eval, line 1: WEBGL_debug_renderer_info is deprecated in Firefox and will be removed. Please use RENDERER.
JavaScript warning: https://pagead2.googlesyndication.com/bg/A3sS0H_86Eu8poIaUPJJxUQpsgwPL9Z0aaC7WTcRMFE.js line 1 > eval line 7465 > eval, line 1: WEBGL_debug_renderer_info is deprecated in Firefox and will be removed. Please use RENDERER.
JavaScript warning: https://pagead2.googlesyndication.com/bg/A3sS0H_86Eu8poIaUPJJxUQpsgwPL9Z0aaC7WTcRMFE.js line 1 > eval line 567 > eval line 1 > eval, line 1: WEBGL_debug_renderer_info is deprecated in Firefox and will be removed. Please use RENDERER.
JavaScript warning: https://pagead2.googlesyndication.com/bg/A3sS0H_86Eu8poIaUPJJxUQpsgwPL9Z0aaC7WTcRMFE.js line 1 > eval line 620 > eval, line 1: WEBGL_debug_renderer_info is deprecated in Firefox and will be removed. Please use RENDERER.
JavaScript warning: https://pagead2.googlesyndication.com/bg/A3sS0H_86Eu8poIaUPJJxUQpsgwPL9Z0aaC7WTcRMFE.js line 1 > eval line 2739 > eval, line 1: WEBGL_debug_renderer_info is deprecated in Firefox and will be removed. Please use RENDERER.
JavaScript warning: https://pagead2.googlesyndication.com/bg/A3sS0H_86Eu8poIaUPJJxUQpsgwPL9Z0aaC7WTcRMFE.js line 1 > eval line 1557 > eval line 1 > eval, line 1: WEBGL_debug_renderer_info is deprecated in Firefox and will be removed. Please use RENDERER.
JavaScript warning: https://pagead2.googlesyndication.com/bg/A3sS0H_86Eu8poIaUPJJxUQpsgwPL9Z0aaC7WTcRMFE.js line 1 > eval line 1238 > eval, line 1: WEBGL_debug_renderer_info is deprecated in Firefox and will be removed. Please use RENDERER.
JavaScript warning: https://pagead2.googlesyndication.com/bg/A3sS0H_86Eu8poIaUPJJxUQpsgwPL9Z0aaC7WTcRMFE.js line 1 > eval line 1784 > eval, line 1: WEBGL_debug_renderer_info is deprecated in Firefox and will be removed. Please use RENDERER.
JavaScript warning: https://pagead2.googlesyndication.com/bg/A3sS0H_86Eu8poIaUPJJxUQpsgwPL9Z0aaC7WTcRMFE.js line 1 > eval line 3535 > eval line 1 > eval, line 1: WEBGL_debug_renderer_info is deprecated in Firefox and will be removed. Please use RENDERER.
JavaScript warning: https://pagead2.googlesyndication.com/bg/A3sS0H_86Eu8poIaUPJJxUQpsgwPL9Z0aaC7WTcRMFE.js line 1 > eval line 5878 > eval line 1 > eval, line 1: WEBGL_debug_renderer_info is deprecated in Firefox and will be removed. Please use RENDERER.
JavaScript warning: https://pagead2.googlesyndication.com/bg/A3sS0H_86Eu8poIaUPJJxUQpsgwPL9Z0aaC7WTcRMFE.js line 1 > eval line 2059 > eval line 1 > eval, line 1: WEBGL_debug_renderer_info is deprecated in Firefox and will be removed. Please use RENDERER.
JavaScript warning: https://pagead2.googlesyndication.com/bg/A3sS0H_86Eu8poIaUPJJxUQpsgwPL9Z0aaC7WTcRMFE.js line 1 > eval line 6168 > eval, line 1: WEBGL_debug_renderer_info is deprecated in Firefox and will be removed. Please use RENDERER.
nya/321758/turkiyede-air-qeza-27-yarali/, line 264: SyntaxError: missing { before function body
JavaScript error: , line 0: uncaught exception: undefined
JavaScript error: https://modern.az/dunya/321757/litva-ukraynaya-silah-satmaa-hazirdir/, line 264: SyntaxError: missing { before function body
JavaScript error: , line 0: uncaught exception: undefined
JavaScript error: https://modern.az/aktual/321756/usaq-avroviziyasi-basladi-canli/, line 264: SyntaxError: missing { before function body
JavaScript error: , line 0: uncaught exception: undefined
JavaScript error: https://modern.az/aktual/321755/rusiyada-saxta-yanini-100-den-artiq-sexs-texliye-edildi/, line 264: SyntaxError: missing { before function body
JavaScript error: , line 0: uncaught exception: undefined
JavaScript error: https://modern.az/aktual/321754/qasira-140-neferin-heyatina-son-qoydu/, line 264: SyntaxError: missing { before function body
JavaScript error: , line 0: uncaught exception: undefined
JavaScript error: https://modern.az/olke/321753/ilham-eliyevin-yubileyine-hesr-olunan-film-video/, line 264: SyntaxError: missing { before function body
JavaScript error: , line 0: uncaught exception: undefined
JavaScript error: https://modern.az/aktual/321752/mudafie-nazirliyinin-heftelik-icmali-video/, line 264: SyntaxError: missing { before function body
JavaScript error: , line 0: uncaught exception: undefined
JavaScript error: https://modern.az/dunya/321751/nato-rusiyanin-tekliflerini-muzakire-edecek/, line 264: SyntaxError: missing { before function body
JavaScript error: , line 0: uncaught exception: undefined
JavaScript error: https://modern.az/aktual/321750/italiyada-koronavirus/, line 264: SyntaxError: missing { before function body
JavaScript error: , line 0: uncaught exception: undefined
JavaScript error: https://modern.az/aktual/321749/lkede-vaksinasiya-menzeresi/, line 264: SyntaxError: missing { before function body
JavaScript error: , line 0: uncaught exception: undefined
JavaScript error: https://modern.az/hadise/321748/yoluxanlarin-sayi-aciqlandi-1382-nefer-saaldi/, line 264: SyntaxError: missing { before function body
JavaScript error: , line 0: uncaught exception: undefined
JavaScript error: https://modern.az/aktual/321747/flippinde-onlarla-lu/, line 264: SyntaxError: missing { before function body
JavaScript error: , line 0: uncaught exception: undefined
JavaScript error: https://modern.az/aktual/321746/rusiya-nato-nu-parcalayir/, line 264: SyntaxError: missing { before function body
JavaScript error: , line 0: uncaught exception: undefined
JavaScript error: https://modern.az/aktual/321745/rusiyada-koronavirus/, line 264: SyntaxError: missing { before function body
JavaScript error: , line 0: uncaught exception: undefined
JavaScript error: https://modern.az/aktual/321744/qalatasarayin-futbolcusu-3-ay-oynamayacaq/, line 264: SyntaxError: missing { before function body
JavaScript error: , line 0: uncaught exception: undefined
JavaScript error: https://modern.az/aktual/321743/kiyevde-31-metrlik-yolka-quruldu/, line 264: SyntaxError: missing { before function body
JavaScript error: , line 0: uncaught exception: undefined
JavaScript error: https://modern.az/aktual/321742/messinin-rekordu-tezelendi/, line 264: SyntaxError: missing { before function body
JavaScript error: , line 0: uncaught exception: undefined
JavaScript error: https://modern.az/aktual/321741/bayramov-ve-abdullahian-grusdu/, line 264: SyntaxError: missing { before function body
JavaScript error: , line 0: uncaught exception: undefined
JavaScript error: https://modern.az/aktual/321740/gurcustanda-azyaslilara-gre-ceza-sertlesdirilir/, line 264: SyntaxError: missing { before function body
JavaScript error: , line 0: uncaught exception: undefined
JavaScript error: https://modern.az/aktual/321739/fuzulide-park-ve-muzeylerin-layihesini-italiya-sirketi-hazirlayacaq/, line 264: SyntaxError: missing { before function body
JavaScript error: , line 0: uncaught exception: undefined
JavaScript error: https://modern.az/aktual/321738/nizami-gencevi-iordaniya-metbuatinda/, line 264: SyntaxError: missing { before function body
JavaScript error: , line 0: uncaught exception: undefined
JavaScript error: https://modern.az/hadise/321737/herbi-denizciler-komandosunun-buraxilis-merasimi/, line 264: SyntaxError: missing { before function body
JavaScript error: , line 0: uncaught exception: undefined
JavaScript error: https://modern.az/aktual/321736/turkiyedeki-qezada-dunyasini-deyisen-qemer-nisanli-imis/, line 264: SyntaxError: missing { before function body
JavaScript error: , line 0: uncaught exception: undefined
JavaScript error: https://modern.az/aktual/321735/misirden-almaniya-ittihami/, line 264: SyntaxError: missing { before function body
JavaScript error: , line 0: uncaught exception: undefined
JavaScript error: https://modern.az/aktual/321734/asiq-elesger-200-idirda-anildi/, line 264: SyntaxError: missing { before function body
JavaScript error: , line 0: uncaught exception: undefined
JavaScript error: https://modern.az/aktual/321733/toy-sahibleri-cerimelendi/, line 264: SyntaxError: missing { before function body
JavaScript error: , line 0: uncaught exception: undefined
JavaScript error: https://modern.az/aktual/321732/iranda-omicrona-ilk-yoluxma/, line 264: SyntaxError: missing { before function body
JavaScript error: , line 0: uncaught exception: undefined
JavaScript error: https://modern.az/aktual/321731/sehid-atasi-koronavirusa-teslim-oldu/, line 264: SyntaxError: missing { before function body
JavaScript error: , line 0: uncaught exception: undefined
JavaScript error: https://modern.az/aktual/321730/avusoludan-33-aciqlamasi/, line 264: SyntaxError: missing { before function body
JavaScript error: , line 0: uncaught exception: undefined
JavaScript error: https://modern.az/aktual/321729/yuk-masini-hasara-cirpildi/, line 264: SyntaxError: missing { before function body
JavaScript error: , line 0: uncaught exception: undefined
JavaScript error: https://modern.az/aktual/321728/mesqci-koronavirusdan-dunyasini-deyisdi/, line 264: SyntaxError: missing { before function body
JavaScript error: , line 0: uncaught exception: undefined
JavaScript error: https://modern.az/aktual/321727/azerbaycanin-tehvil-verdiyi-herbciler-irevanda-foto/, line 271: SyntaxError: missing { before function body
JavaScript error: , line 0: uncaught exception: undefined
JavaScript error: https://modern.az/aktual/321726/480-min-insan-texliye-edildi/, line 264: SyntaxError: missing { before function body
JavaScript error: , line 0: uncaught exception: undefined
JavaScript error: https://modern.az/aktual/321725/qarsda-qezaya-dusen-soydaslarimizin-son-durumu/, line 264: SyntaxError: missing { before function body
JavaScript error: , line 0: uncaught exception: undefined
JavaScript error: https://modern.az/hadise/321724/ordu-generalindan-anons-turkiye-tezlikle-ermenistanla-serhed-qapilarini-acacaq/, line 264: SyntaxError: missing { before function body
JavaScript error: , line 0: uncaught exception: undefined
JavaScript error: https://modern.az/aktual/321723/ceyhun-bayramovdan-efqanistan-airisi-tecili-tedbirler-grulmelidir/, line 264: SyntaxError: missing { before function body
JavaScript error: , line 0: uncaught exception: undefined
JavaScript error: https://modern.az/aktual/321722/in-okeanda-telimlere-basladi/, line 264: SyntaxError: missing { before function body
JavaScript error: , line 0: uncaught exception: undefined
JavaScript error: https://modern.az/media/321721/media-haqqinda-yeni-qanun-informasiya-savasina-hansi-thfeni-verecek/, line 278: SyntaxError: missing { before function body
JavaScript error: , line 0: uncaught exception: undefined
JavaScript error: https://modern.az/aktual/321720/ombudsmandan-faktarasdirici-missiya/, line 264: SyntaxError: missing { before function body
JavaScript error: https://modern.az/aktual/321719/narkotikin-tesiri-altinda-avtomobil-idare-eden-saxlanildi/, line 264: SyntaxError: missing { before function body
JavaScript error: https://modern.az/aktual/321718/zireden-braziliya-klubuna-kecdi/, line 264: SyntaxError: missing { before function body
JavaScript warning: https://pagead2.googlesyndication.com/bg/A3sS0H_86Eu8poIaUPJJxUQpsgwPL9Z0aaC7WTcRMFE.js line 1 > eval line 4099 > eval, line 1: WEBGL_debug_renderer_info is deprecated in Firefox and will be removed. Please use RENDERER.
JavaScript error: https://modern.az/aktual/321717/magistraturaya-qeydiyyat-aparilir/, line 264: SyntaxError: missing { before function body
JavaScript warning: https://pagead2.googlesyndication.com/bg/A3sS0H_86Eu8poIaUPJJxUQpsgwPL9Z0aaC7WTcRMFE.js line 1 > eval line 3694 > eval line 1 > eval, line 1: WEBGL_debug_renderer_info is deprecated in Firefox and will be removed. Please use RENDERER.
JavaScript error: https://modern.az/aktual/321715/hava-xeberdarlii/, line 264: SyntaxError: missing { before function body
JavaScript warning: https://pagead2.googlesyndication.com/bg/A3sS0H_86Eu8poIaUPJJxUQpsgwPL9Z0aaC7WTcRMFE.js line 1 > eval line 1255 > eval line 1 > eval, line 1: WEBGL_debug_renderer_info is deprecated in Firefox and will be removed. Please use RENDERER.
JavaScript error: https://modern.az/aktual/321714/yoluxma-niye-artir-st-den-aiqlama/, line 271: SyntaxError: missing { before function body
JavaScript warning: https://pagead2.googlesyndication.com/bg/A3sS0H_86Eu8poIaUPJJxUQpsgwPL9Z0aaC7WTcRMFE.js line 1 > eval line 366 > eval line 1 > eval, line 1: WEBGL_debug_renderer_info is deprecated in Firefox and will be removed. Please use RENDERER.
JavaScript error: https://modern.az/qarabag/321713/ermenistana-qaytarilan-10-herbci-siyahi/, line 264: SyntaxError: missing { before function body
JavaScript warning: https://pagead2.googlesyndication.com/bg/A3sS0H_86Eu8poIaUPJJxUQpsgwPL9Z0aaC7WTcRMFE.js line 1 > eval line 5440 > eval, line 1: WEBGL_debug_renderer_info is deprecated in Firefox and will be removed. Please use RENDERER.
JavaScript error: https://modern.az/aktual/321712/baki-da-irevanda-xususi-numayendeye-ehtiyac-duyacaqmi-yeni-realliq/, line 264: SyntaxError: missing { before function body
JavaScript warning: https://pagead2.googlesyndication.com/bg/A3sS0H_86Eu8poIaUPJJxUQpsgwPL9Z0aaC7WTcRMFE.js line 1 > eval line 4008 > eval, line 1: WEBGL_debug_renderer_info is deprecated in Firefox and will be removed. Please use RENDERER.
JavaScript error: https://modern.az/aktual/321711/turkiye-sefirliyinden-bassalii/, line 264: SyntaxError: missing { before function body
JavaScript warning: https://pagead2.googlesyndication.com/bg/A3sS0H_86Eu8poIaUPJJxUQpsgwPL9Z0aaC7WTcRMFE.js line 1 > eval line 4195 > eval, line 1: WEBGL_debug_renderer_info is deprecated in Firefox and will be removed. Please use RENDERER.
JavaScript error: https://modern.az/aktual/321710/sabahin-havasi-guclu-kulek/, line 264: SyntaxError: missing { before function body
JavaScript warning: https://pagead2.googlesyndication.com/bg/A3sS0H_86Eu8poIaUPJJxUQpsgwPL9Z0aaC7WTcRMFE.js line 1 > eval line 4872 > eval line 1 > eval, line 1: WEBGL_debug_renderer_info is deprecated in Firefox and will be removed. Please use RENDERER.
JavaScript error: https://modern.az/medeniyyet/321709/koronavirusa-yoluxmus-sair-xestexanadan-eve-buraxildi/, line 264: SyntaxError: missing { before function body
JavaScript warning: https://pagead2.googlesyndication.com/bg/A3sS0H_86Eu8poIaUPJJxUQpsgwPL9Z0aaC7WTcRMFE.js line 1 > eval line 7317 > eval, line 1: WEBGL_debug_renderer_info is deprecated in Firefox and will be removed. Please use RENDERER.
JavaScript error: https://modern.az/aktual/321708/sarl-misel-azerbaycani-alqisladi/, line 264: SyntaxError: missing { before function body
JavaScript warning: https://pagead2.googlesyndication.com/bg/A3sS0H_86Eu8poIaUPJJxUQpsgwPL9Z0aaC7WTcRMFE.js line 1 > eval line 3562 > eval line 1 > eval, line 1: WEBGL_debug_renderer_info is deprecated in Firefox and will be removed. Please use RENDERER.
JavaScript error: https://modern.az/aktual/321707/bakida-piyada-vuruldu/, line 264: SyntaxError: missing { before function body
JavaScript warning: https://pagead2.googlesyndication.com/bg/A3sS0H_86Eu8poIaUPJJxUQpsgwPL9Z0aaC7WTcRMFE.js line 1 > eval line 5291 > eval, line 1: WEBGL_debug_renderer_info is deprecated in Firefox and will be removed. Please use RENDERER.
JavaScript error: https://modern.az/aktual/321706/mudafie-naziri-bayraktar-haqda-bir-zerbeden-sonra/, line 271: SyntaxError: missing { before function body
JavaScript warning: https://pagead2.googlesyndication.com/bg/A3sS0H_86Eu8poIaUPJJxUQpsgwPL9Z0aaC7WTcRMFE.js line 1 > eval line 7541 > eval line 1 > eval, line 1: WEBGL_debug_renderer_info is deprecated in Firefox and will be removed. Please use RENDERER.
JavaScript error: https://modern.az/aktual/321705/gurcustanda-virus-menzeresi/, line 264: SyntaxError: missing { before function body
JavaScript warning: https://pagead2.googlesyndication.com/bg/A3sS0H_86Eu8poIaUPJJxUQpsgwPL9Z0aaC7WTcRMFE.js line 1 > eval line 3803 > eval line 1 > eval, line 1: WEBGL_debug_renderer_info is deprecated in Firefox and will be removed. Please use RENDERER.
JavaScript error: https://modern.az/aktual/321704/koronavirus-xestesi-saxlanildi/, line 264: SyntaxError: missing { before function body
JavaScript warning: https://pagead2.googlesyndication.com/bg/A3sS0H_86Eu8poIaUPJJxUQpsgwPL9Z0aaC7WTcRMFE.js line 1 > eval line 2338 > eval line 1 > eval, line 1: WEBGL_debug_renderer_info is deprecated in Firefox and will be removed. Please use RENDERER.
JavaScript error: https://modern.az/hadise/321703/turkiyede-avtobus-qezasi-lenlerin-2-i-azerbaycanlidir/, line 264: SyntaxError: missing { before function body
JavaScript warning: https://pagead2.googlesyndication.com/bg/A3sS0H_86Eu8poIaUPJJxUQpsgwPL9Z0aaC7WTcRMFE.js line 1 > eval line 2975 > eval line 1 > eval, line 1: WEBGL_debug_renderer_info is deprecated in Firefox and will be removed. Please use RENDERER.
JavaScript error: https://modern.az/aktual/321702/kim-en-inin-bacisi-siyasi-buroda/, line 271: SyntaxError: missing { before function body
JavaScript warning: https://pagead2.googlesyndication.com/bg/A3sS0H_86Eu8poIaUPJJxUQpsgwPL9Z0aaC7WTcRMFE.js line 1 > eval line 3728 > eval, line 1: WEBGL_debug_renderer_info is deprecated in Firefox and will be removed. Please use RENDERER.
JavaScript error: https://modern.az/olke/321701/avropa-ittifaqindan-10-ermeni-herbcinin-qaytarilmasina-reaksiya/, line 264: SyntaxError: missing { before function body
JavaScript warning: https://pagead2.googlesyndication.com/bg/A3sS0H_86Eu8poIaUPJJxUQpsgwPL9Z0aaC7WTcRMFE.js line 1 > eval line 1262 > eval line 1 > eval, line 1: WEBGL_debug_renderer_info is deprecated in Firefox and will be removed. Please use RENDERER.
JavaScript error: https://modern.az/dunya/321700/ankaranin-ve-irevanin-xususi-numayendeleri-kimdir-dosye/, line 264: SyntaxError: missing { before function body
JavaScript warning: https://pagead2.googlesyndication.com/bg/A3sS0H_86Eu8poIaUPJJxUQpsgwPL9Z0aaC7WTcRMFE.js line 1 > eval line 5329 > eval line 1 > eval, line 1: WEBGL_debug_renderer_info is deprecated in Firefox and will be removed. Please use RENDERER.
JavaScript error: https://modern.az/aktual/321699/bu-gun-usaq-avroviziyaasi-kecirilecek/, line 264: SyntaxError: missing { before function body
JavaScript warning: https://pagead2.googlesyndication.com/bg/A3sS0H_86Eu8poIaUPJJxUQpsgwPL9Z0aaC7WTcRMFE.js line 1 > eval line 2589 > eval line 1 > eval, line 1: WEBGL_debug_renderer_info is deprecated in Firefox and will be removed. Please use RENDERER.
1641319179049	Marionette	INFO	Stopped listening on port 59846

###!!! [Parent][MessageChannel] Error: (msgtype=0x39014F,name=PContent::Reply_DiscardBrowsingContext) Closed channel: cannot send/recv


###!!! [Parent][MessageChannel] Error: (msgtype=0x39014F,name=PContent::Reply_DiscardBrowsingContext) Closed channel: cannot send/recv


###!!! [Parent][MessageChannel] Error: (msgtype=0x39014F,name=PContent::Reply_DiscardBrowsingContext) Closed channel: cannot send/recv


###!!! [Parent][MessageChannel] Error: (msgtype=0x39014F,name=PContent::Reply_DiscardBrowsingContext) Closed channel: cannot send/recv


###!!! [Parent][MessageChannel] Error: (msgtype=0x39014F,name=PContent::Reply_DiscardBrowsingContext) Closed channel: cannot send/recv


###!!! [Parent][MessageChannel] Error: (msgtype=0x39014F,name=PContent::Reply_DiscardBrowsingContext) Closed channel: cannot send/recv


###!!! [Parent][MessageChannel] Error: (msgtype=0x39014F,name=PContent::Reply_DiscardBrowsingContext) Closed channel: cannot send/recv


###!!! [Parent][MessageChannel] Error: (msgtype=0x39014F,name=PContent::Reply_DiscardBrowsingContext) Closed channel: cannot send/recv


###!!! [Parent][MessageChannel] Error: (msgtype=0x39014F,name=PContent::Reply_DiscardBrowsingContext) Closed channel: cannot send/recv


###!!! [Child][RunMessage] Error: Channel closing: too late to send/recv, messages will be lost


###!!! [Child][RunMessage] Error: Channel closing: too late to send/recv, messages will be lost


###!!! [Parent][MessageChannel] Error: (msgtype=0x39007A,name=PContent::Msg_DestroyBrowsingContextGroup) Closed channel: cannot send/recv


###!!! [Child][RunMessage] Error: Channel closing: too late to send/recv, messages will be lost


###!!! [Child][RunMessage] Error: Channel closing: too late to send/recv, messages will be lost


###!!! [Child][RunMessage] Error: Channel closing: too late to send/recv, messages will be lost


###!!! [Child][RunMessage] Error: Channel closing: too late to send/recv, messages will be lost


###!!! [Child][RunMessage] Error: Channel closing: too late to send/recv, messages will be lost


###!!! [Child][RunMessage] Error: Channel closing: too late to send/recv, messages will be lost


###!!! [Child][RunMessage] Error: Channel closing: too late to send/recv, messages will be lost


###!!! [Child][MessageChannel] Error: (msgtype=0x390147,name=PContent::Msg_ScriptError) Channel closing: too late to send/recv, messages will be lost


###!!! [Child][RunMessage] Error: Channel closing: too late to send/recv, messages will be lost


###!!! [Child][RunMessage] Error: Channel closing: too late to send/recv, messages will be lost


###!!! [Child][RunMessage] Error: Channel closing: too late to send/recv, messages will be lost


###!!! [Child][RunMessage] Error: Channel closing: too late to send/recv, messages will be lost


###!!! [Child][RunMessage] Error: Channel closing: too late to send/recv, messages will be lost

